[0.259s] running egg_info
[0.259s] creating /root/dev_ws/build/py_pubsub/py_pubsub.egg-info
[0.260s] writing /root/dev_ws/build/py_pubsub/py_pubsub.egg-info/PKG-INFO
[0.260s] writing dependency_links to /root/dev_ws/build/py_pubsub/py_pubsub.egg-info/dependency_links.txt
[0.260s] writing entry points to /root/dev_ws/build/py_pubsub/py_pubsub.egg-info/entry_points.txt
[0.260s] writing requirements to /root/dev_ws/build/py_pubsub/py_pubsub.egg-info/requires.txt
[0.260s] writing top-level names to /root/dev_ws/build/py_pubsub/py_pubsub.egg-info/top_level.txt
[0.261s] writing manifest file '/root/dev_ws/build/py_pubsub/py_pubsub.egg-info/SOURCES.txt'
[0.285s] reading manifest file '/root/dev_ws/build/py_pubsub/py_pubsub.egg-info/SOURCES.txt'
[0.286s] writing manifest file '/root/dev_ws/build/py_pubsub/py_pubsub.egg-info/SOURCES.txt'
[0.286s] running build
[0.286s] running build_py
[0.286s] creating /root/dev_ws/build/py_pubsub/build
[0.286s] creating /root/dev_ws/build/py_pubsub/build/lib
[0.286s] creating /root/dev_ws/build/py_pubsub/build/lib/py_pubsub
[0.286s] copying py_pubsub/subscriber_member_function.py -> /root/dev_ws/build/py_pubsub/build/lib/py_pubsub
[0.286s] copying py_pubsub/__init__.py -> /root/dev_ws/build/py_pubsub/build/lib/py_pubsub
[0.286s] copying py_pubsub/publisher_member_function.py -> /root/dev_ws/build/py_pubsub/build/lib/py_pubsub
[0.287s] running install
[0.287s] running install_lib
[0.287s] creating /root/dev_ws/install/py_pubsub/lib/python3.8/site-packages/py_pubsub
[0.288s] copying /root/dev_ws/build/py_pubsub/build/lib/py_pubsub/subscriber_member_function.py -> /root/dev_ws/install/py_pubsub/lib/python3.8/site-packages/py_pubsub
[0.288s] copying /root/dev_ws/build/py_pubsub/build/lib/py_pubsub/__init__.py -> /root/dev_ws/install/py_pubsub/lib/python3.8/site-packages/py_pubsub
[0.288s] copying /root/dev_ws/build/py_pubsub/build/lib/py_pubsub/publisher_member_function.py -> /root/dev_ws/install/py_pubsub/lib/python3.8/site-packages/py_pubsub
[0.288s] byte-compiling /root/dev_ws/install/py_pubsub/lib/python3.8/site-packages/py_pubsub/subscriber_member_function.py to subscriber_member_function.cpython-38.pyc
[0.289s] byte-compiling /root/dev_ws/install/py_pubsub/lib/python3.8/site-packages/py_pubsub/__init__.py to __init__.cpython-38.pyc
[0.289s] byte-compiling /root/dev_ws/install/py_pubsub/lib/python3.8/site-packages/py_pubsub/publisher_member_function.py to publisher_member_function.cpython-38.pyc
[0.289s] running install_data
[0.290s] creating /root/dev_ws/install/py_pubsub/share/ament_index
[0.290s] creating /root/dev_ws/install/py_pubsub/share/ament_index/resource_index
[0.290s] creating /root/dev_ws/install/py_pubsub/share/ament_index/resource_index/packages
[0.290s] copying resource/py_pubsub -> /root/dev_ws/install/py_pubsub/share/ament_index/resource_index/packages
[0.290s] copying package.xml -> /root/dev_ws/install/py_pubsub/share/py_pubsub
[0.290s] running install_egg_info
[0.291s] Copying /root/dev_ws/build/py_pubsub/py_pubsub.egg-info to /root/dev_ws/install/py_pubsub/lib/python3.8/site-packages/py_pubsub-0.0.0-py3.8.egg-info
[0.292s] running install_scripts
[0.303s] Installing listener script to /root/dev_ws/install/py_pubsub/lib/py_pubsub
[0.304s] Installing talker script to /root/dev_ws/install/py_pubsub/lib/py_pubsub
[0.304s] writing list of installed files to '/root/dev_ws/build/py_pubsub/install.log'
